<?xml version="1.0" encoding="UTF-8"?>
<!-- Generated by org.testng.reporters.JUnitReportReporter -->
<testsuite hostname="DESKTOP-H0PI4DT" failures="0" tests="1" name="actionExample.DragDropExample2" time="7.651" errors="0" timestamp="2022-03-30T13:58:26 IST" skipped="0">
  <testcase classname="actionExample.DragDropExample2" name="dragdropTest1" time="7.651"/>
  <system-out/>
</testsuite> <!-- actionExample.DragDropExample2 -->
