<?xml version="1.0" encoding="UTF-8"?>
<!-- Generated by org.testng.reporters.JUnitReportReporter -->
<testsuite hostname="DESKTOP-H0PI4DT" failures="0" tests="1" name="appiumAutomation.MobileAutomation_VirtualDevice_Sample" time="0.017" errors="0" timestamp="2022-03-24T11:27:57 IST" skipped="0">
  <testcase classname="appiumAutomation.MobileAutomation_VirtualDevice_Sample" name="verifyAddFeature" time="0.017"/>
  <system-out/>
</testsuite> <!-- appiumAutomation.MobileAutomation_VirtualDevice_Sample -->
