<?xml version="1.0" encoding="UTF-8"?>
<!-- Generated by org.testng.reporters.JUnitReportReporter -->
<testsuite hostname="DESKTOP-H0PI4DT" failures="0" tests="1" name="appiumRealDeviceExample.RealDeviceTouchAction" time="11.261" errors="0" timestamp="2022-03-25T14:52:36 IST" skipped="0">
  <testcase classname="appiumRealDeviceExample.RealDeviceTouchAction" name="verifyAddTestWithThreeDigitNumber" time="11.261"/>
  <system-out/>
</testsuite> <!-- appiumRealDeviceExample.RealDeviceTouchAction -->
