<?xml version="1.0" encoding="UTF-8"?>
<!-- Generated by org.testng.reporters.JUnitReportReporter -->
<testsuite hostname="DESKTOP-H0PI4DT" failures="0" tests="1" name="appiumRealDeviceExample.RealDeviceChromeBrowser_HRMLogin" time="33.950" errors="0" timestamp="2022-03-27T10:48:33 IST" skipped="0">
  <testcase classname="appiumRealDeviceExample.RealDeviceChromeBrowser_HRMLogin" name="verifyAddTestWithThreeDigitNumber" time="33.950"/>
  <system-out/>
</testsuite> <!-- appiumRealDeviceExample.RealDeviceChromeBrowser_HRMLogin -->
