<?xml version="1.0" encoding="UTF-8"?>
<!-- Generated by org.testng.reporters.JUnitReportReporter -->
<testsuite hostname="DESKTOP-H0PI4DT" failures="0" tests="1" name="appiumAutomation.MobileAutomation_RealDevice_AmazonTestWebApp" time="28.185" errors="0" timestamp="2022-03-27T12:25:37 IST" skipped="0">
  <testcase classname="appiumAutomation.MobileAutomation_RealDevice_AmazonTestWebApp" name="verifyAddFeature" time="28.185"/>
  <system-out/>
</testsuite> <!-- appiumAutomation.MobileAutomation_RealDevice_AmazonTestWebApp -->
