<?xml version="1.0" encoding="UTF-8"?>
<!-- Generated by org.testng.reporters.JUnitReportReporter -->
<testsuite hostname="DESKTOP-H0PI4DT" failures="0" tests="1" name="ctionExample.AmazonTest" time="18.783" errors="0" timestamp="2022-03-24T10:16:49 IST" skipped="0">
  <testcase classname="ctionExample.AmazonTest" name="verifySearch" time="18.783"/>
</testsuite> <!-- ctionExample.AmazonTest -->
