<?xml version="1.0" encoding="UTF-8"?>
<!-- Generated by org.testng.reporters.JUnitReportReporter -->
<testsuite hostname="DESKTOP-H0PI4DT" failures="0" tests="1" name="appiumAutomation.MobileAutomation_RealDevice_APK_Actions" time="13.329" errors="0" timestamp="2022-03-25T16:16:25 IST" skipped="0">
  <testcase classname="appiumAutomation.MobileAutomation_RealDevice_APK_Actions" name="verifyAddFeature" time="13.329"/>
  <system-out/>
</testsuite> <!-- appiumAutomation.MobileAutomation_RealDevice_APK_Actions -->
