<?xml version="1.0" encoding="UTF-8"?>
<!-- Generated by org.testng.reporters.JUnitReportReporter -->
<testsuite hostname="DESKTOP-H0PI4DT" failures="0" tests="1" name="appiumAutomation.MobileAutomation_RealDevice" time="0.008" errors="0" timestamp="2022-03-24T16:49:53 IST" skipped="0">
  <testcase classname="appiumAutomation.MobileAutomation_RealDevice" name="verifyAddFeature" time="0.008"/>
  <system-out/>
</testsuite> <!-- appiumAutomation.MobileAutomation_RealDevice -->
