<?xml version="1.0" encoding="UTF-8"?>
<!-- Generated by org.testng.reporters.JUnitReportReporter -->
<testsuite hostname="DESKTOP-H0PI4DT" failures="0" tests="1" name="appiumAutomation.MobileAutomation_RealDevice_Calculator" time="5.913" errors="0" timestamp="2022-03-24T17:13:08 IST" skipped="0">
  <testcase classname="appiumAutomation.MobileAutomation_RealDevice_Calculator" name="verifyAddFeature" time="5.913"/>
  <system-out/>
</testsuite> <!-- appiumAutomation.MobileAutomation_RealDevice_Calculator -->
