<?xml version="1.0" encoding="UTF-8"?>
<!-- Generated by org.testng.reporters.JUnitReportReporter -->
<testsuite hostname="DESKTOP-H0PI4DT" failures="0" tests="1" name="appiumAutomation.MobileAutomation_RealDevice_APKFile" time="0.016" errors="0" timestamp="2022-03-25T15:49:14 IST" skipped="0">
  <testcase classname="appiumAutomation.MobileAutomation_RealDevice_APKFile" name="verifyAddFeature" time="0.016"/>
  <system-out/>
</testsuite> <!-- appiumAutomation.MobileAutomation_RealDevice_APKFile -->
