<?xml version="1.0" encoding="UTF-8"?>
<!-- Generated by org.testng.reporters.JUnitReportReporter -->
<testsuite hostname="DESKTOP-H0PI4DT" failures="0" tests="1" name="appiumAutomation.AmazonTest_Selenium" time="7.877" errors="0" timestamp="2022-03-27T12:08:04 IST" skipped="0">
  <testcase classname="appiumAutomation.AmazonTest_Selenium" name="verifySearchTest" time="7.877"/>
  <system-out/>
</testsuite> <!-- appiumAutomation.AmazonTest_Selenium -->
