<?xml version="1.0" encoding="UTF-8"?>
<!-- Generated by org.testng.reporters.JUnitReportReporter -->
<testsuite hostname="DESKTOP-H0PI4DT" failures="0" tests="1" name="appiumRealDeviceExample.RealDeviceAPKFile" time="5.026" errors="0" timestamp="2022-03-25T14:39:20 IST" skipped="0">
  <testcase classname="appiumRealDeviceExample.RealDeviceAPKFile" name="verifyAddTestWithThreeDigitNumber" time="5.026"/>
  <system-out/>
</testsuite> <!-- appiumRealDeviceExample.RealDeviceAPKFile -->
