<?xml version="1.0" encoding="UTF-8"?>
<!-- Generated by org.testng.reporters.JUnitReportReporter -->
<testsuite hostname="DESKTOP-H0PI4DT" failures="0" tests="1" name="appiumAutomation.MobileAutomation_VirtualDevice_Calculator2" time="2.478" errors="0" timestamp="2022-03-24T20:09:18 IST" skipped="0">
  <testcase classname="appiumAutomation.MobileAutomation_VirtualDevice_Calculator2" name="verifyAddFeature" time="2.478"/>
  <system-out/>
</testsuite> <!-- appiumAutomation.MobileAutomation_VirtualDevice_Calculator2 -->
