<?xml version="1.0" encoding="UTF-8"?>
<!-- Generated by org.testng.reporters.JUnitReportReporter -->
<testsuite hostname="DESKTOP-H0PI4DT" failures="0" tests="1" name="appiumRealDeviceExample.RealDeviceCalculator" time="18.375" errors="0" timestamp="2022-03-25T11:04:35 IST" skipped="0">
  <testcase classname="appiumRealDeviceExample.RealDeviceCalculator" name="verifyAddTestWithThreeDigitNumber" time="18.375"/>
  <system-out/>
</testsuite> <!-- appiumRealDeviceExample.RealDeviceCalculator -->
