<?xml version="1.0" encoding="UTF-8"?>
<!-- Generated by org.testng.reporters.JUnitReportReporter -->
<testsuite hostname="DESKTOP-H0PI4DT" failures="0" tests="1" name="appiumRealDeviceExample.RealDeviceChromeBrowserTest" time="6.239" errors="0" timestamp="2022-03-25T22:08:18 IST" skipped="0">
  <testcase classname="appiumRealDeviceExample.RealDeviceChromeBrowserTest" name="verifyAddTestWithThreeDigitNumber" time="6.239"/>
  <system-out/>
</testsuite> <!-- appiumRealDeviceExample.RealDeviceChromeBrowserTest -->
