<?xml version="1.0" encoding="UTF-8"?>
<!-- Generated by org.testng.reporters.JUnitReportReporter -->
<testsuite hostname="DESKTOP-H0PI4DT" failures="0" tests="1" name="actionExample.DragDropExample" time="5.957" errors="0" timestamp="2022-03-30T13:58:26 IST" skipped="0">
  <testcase classname="actionExample.DragDropExample" name="dragdropTest1" time="5.957"/>
  <system-out/>
</testsuite> <!-- actionExample.DragDropExample -->
