<?xml version="1.0" encoding="UTF-8"?>
<!-- Generated by org.testng.reporters.JUnitReportReporter -->
<testsuite hostname="DESKTOP-H0PI4DT" failures="0" tests="1" name="appiumAutomation.MobileAutomation_RealDevice_Calculator_LocatorExample" time="21.899" errors="0" timestamp="2022-03-25T15:43:04 IST" skipped="0">
  <testcase classname="appiumAutomation.MobileAutomation_RealDevice_Calculator_LocatorExample" name="verifyAddFeature" time="21.899"/>
  <system-out/>
</testsuite> <!-- appiumAutomation.MobileAutomation_RealDevice_Calculator_LocatorExample -->
