<?xml version="1.0" encoding="UTF-8"?>
<!-- Generated by org.testng.reporters.JUnitReportReporter -->
<testsuite hostname="DESKTOP-H0PI4DT" failures="0" tests="1" name="ctionExample.AmazonTest" time="17.587" errors="0" timestamp="2022-03-30T13:49:20 IST" skipped="0">
  <testcase classname="ctionExample.AmazonTest" name="verifySearch" time="17.587"/>
  <system-out/>
</testsuite> <!-- ctionExample.AmazonTest -->
