<?xml version="1.0" encoding="UTF-8"?>
<!-- Generated by org.testng.reporters.JUnitReportReporter -->
<testsuite skipped="0" hostname="DESKTOP-H0PI4DT" name="actionExample.DragDropExample" tests="1" failures="0" timestamp="2022-03-30T16:12:20 IST" time="13.114" errors="0">
  <testcase name="dragdropTest1" time="13.114" classname="actionExample.DragDropExample"/>
  <system-out/>
</testsuite> <!-- actionExample.DragDropExample -->
